<?xml version="1.0" encoding="UTF-8"?>
<testsuite xmlns:xsi="http://www.w3.org/2001/XMLSchema-instance" xsi:noNamespaceSchemaLocation="https://maven.apache.org/surefire/maven-surefire-plugin/xsd/surefire-test-report-3.0.xsd" version="3.0" name="TestSuite" time="256.971" tests="12" errors="0" skipped="0" failures="0">
  <properties>
    <property name="java.specification.version" value="14"/>
    <property name="webdriver.chrome.driver" value="C:\Selemium_drivers\chromedriver_win32\chromedriver.exe"/>
    <property name="sun.cpu.isalist" value="amd64"/>
    <property name="sun.jnu.encoding" value="Cp1252"/>
    <property name="java.class.path" value="C:\Users\SINDHU\eclipse-workspace\FlipkartProject\target\test-classes;C:\Users\SINDHU\eclipse-workspace\FlipkartProject\target\classes;C:\Users\SINDHU\.m2\repository\junit\junit\3.8.1\junit-3.8.1.jar;C:\Users\SINDHU\.m2\repository\org\seleniumhq\selenium\selenium-java\3.141.59\selenium-java-3.141.59.jar;C:\Users\SINDHU\.m2\repository\org\seleniumhq\selenium\selenium-api\3.141.59\selenium-api-3.141.59.jar;C:\Users\SINDHU\.m2\repository\org\seleniumhq\selenium\selenium-chrome-driver\3.141.59\selenium-chrome-driver-3.141.59.jar;C:\Users\SINDHU\.m2\repository\org\seleniumhq\selenium\selenium-edge-driver\3.141.59\selenium-edge-driver-3.141.59.jar;C:\Users\SINDHU\.m2\repository\org\seleniumhq\selenium\selenium-firefox-driver\3.141.59\selenium-firefox-driver-3.141.59.jar;C:\Users\SINDHU\.m2\repository\org\seleniumhq\selenium\selenium-ie-driver\3.141.59\selenium-ie-driver-3.141.59.jar;C:\Users\SINDHU\.m2\repository\org\seleniumhq\selenium\selenium-opera-driver\3.141.59\selenium-opera-driver-3.141.59.jar;C:\Users\SINDHU\.m2\repository\org\seleniumhq\selenium\selenium-remote-driver\3.141.59\selenium-remote-driver-3.141.59.jar;C:\Users\SINDHU\.m2\repository\org\seleniumhq\selenium\selenium-safari-driver\3.141.59\selenium-safari-driver-3.141.59.jar;C:\Users\SINDHU\.m2\repository\org\seleniumhq\selenium\selenium-support\3.141.59\selenium-support-3.141.59.jar;C:\Users\SINDHU\.m2\repository\net\bytebuddy\byte-buddy\1.8.15\byte-buddy-1.8.15.jar;C:\Users\SINDHU\.m2\repository\org\apache\commons\commons-exec\1.3\commons-exec-1.3.jar;C:\Users\SINDHU\.m2\repository\com\google\guava\guava\25.0-jre\guava-25.0-jre.jar;C:\Users\SINDHU\.m2\repository\com\google\code\findbugs\jsr305\1.3.9\jsr305-1.3.9.jar;C:\Users\SINDHU\.m2\repository\org\checkerframework\checker-compat-qual\2.0.0\checker-compat-qual-2.0.0.jar;C:\Users\SINDHU\.m2\repository\com\google\errorprone\error_prone_annotations\2.1.3\error_prone_annotations-2.1.3.jar;C:\Users\SINDHU\.m2\repository\com\google\j2objc\j2objc-annotations\1.1\j2objc-annotations-1.1.jar;C:\Users\SINDHU\.m2\repository\org\codehaus\mojo\animal-sniffer-annotations\1.14\animal-sniffer-annotations-1.14.jar;C:\Users\SINDHU\.m2\repository\com\squareup\okhttp3\okhttp\3.11.0\okhttp-3.11.0.jar;C:\Users\SINDHU\.m2\repository\com\squareup\okio\okio\1.14.0\okio-1.14.0.jar;C:\Users\SINDHU\.m2\repository\org\testng\testng\6.8\testng-6.8.jar;C:\Users\SINDHU\.m2\repository\org\beanshell\bsh\2.0b4\bsh-2.0b4.jar;C:\Users\SINDHU\.m2\repository\com\beust\jcommander\1.27\jcommander-1.27.jar;C:\Users\SINDHU\.m2\repository\org\yaml\snakeyaml\1.6\snakeyaml-1.6.jar;C:\Users\SINDHU\.m2\repository\org\apache\poi\poi\5.0.0\poi-5.0.0.jar;C:\Users\SINDHU\.m2\repository\org\slf4j\slf4j-api\1.7.30\slf4j-api-1.7.30.jar;C:\Users\SINDHU\.m2\repository\org\slf4j\jcl-over-slf4j\1.7.30\jcl-over-slf4j-1.7.30.jar;C:\Users\SINDHU\.m2\repository\commons-codec\commons-codec\1.15\commons-codec-1.15.jar;C:\Users\SINDHU\.m2\repository\org\apache\commons\commons-math3\3.6.1\commons-math3-3.6.1.jar;C:\Users\SINDHU\.m2\repository\com\zaxxer\SparseBitSet\1.2\SparseBitSet-1.2.jar;C:\Users\SINDHU\.m2\repository\org\apache\poi\poi-ooxml\5.0.0\poi-ooxml-5.0.0.jar;C:\Users\SINDHU\.m2\repository\org\apache\poi\poi-ooxml-lite\5.0.0\poi-ooxml-lite-5.0.0.jar;C:\Users\SINDHU\.m2\repository\org\apache\commons\commons-compress\1.20\commons-compress-1.20.jar;C:\Users\SINDHU\.m2\repository\com\github\virtuald\curvesapi\1.06\curvesapi-1.06.jar;C:\Users\SINDHU\.m2\repository\org\bouncycastle\bcpkix-jdk15on\1.68\bcpkix-jdk15on-1.68.jar;C:\Users\SINDHU\.m2\repository\org\bouncycastle\bcprov-jdk15on\1.68\bcprov-jdk15on-1.68.jar;C:\Users\SINDHU\.m2\repository\org\apache\santuario\xmlsec\2.2.1\xmlsec-2.2.1.jar;C:\Users\SINDHU\.m2\repository\com\fasterxml\woodstox\woodstox-core\5.2.1\woodstox-core-5.2.1.jar;C:\Users\SINDHU\.m2\repository\org\codehaus\woodstox\stax2-api\4.2\stax2-api-4.2.jar;C:\Users\SINDHU\.m2\repository\jakarta\xml\bind\jakarta.xml.bind-api\2.3.2\jakarta.xml.bind-api-2.3.2.jar;C:\Users\SINDHU\.m2\repository\jakarta\activation\jakarta.activation-api\1.2.1\jakarta.activation-api-1.2.1.jar;C:\Users\SINDHU\.m2\repository\org\apache\xmlgraphics\batik-all\1.13\batik-all-1.13.jar;C:\Users\SINDHU\.m2\repository\org\apache\xmlgraphics\batik-anim\1.13\batik-anim-1.13.jar;C:\Users\SINDHU\.m2\repository\org\apache\xmlgraphics\batik-shared-resources\1.13\batik-shared-resources-1.13.jar;C:\Users\SINDHU\.m2\repository\xml-apis\xml-apis-ext\1.3.04\xml-apis-ext-1.3.04.jar;C:\Users\SINDHU\.m2\repository\org\apache\xmlgraphics\batik-awt-util\1.13\batik-awt-util-1.13.jar;C:\Users\SINDHU\.m2\repository\org\apache\xmlgraphics\xmlgraphics-commons\2.4\xmlgraphics-commons-2.4.jar;C:\Users\SINDHU\.m2\repository\org\apache\xmlgraphics\batik-bridge\1.13\batik-bridge-1.13.jar;C:\Users\SINDHU\.m2\repository\org\apache\xmlgraphics\batik-codec\1.13\batik-codec-1.13.jar;C:\Users\SINDHU\.m2\repository\org\apache\xmlgraphics\batik-constants\1.13\batik-constants-1.13.jar;C:\Users\SINDHU\.m2\repository\org\apache\xmlgraphics\batik-css\1.13\batik-css-1.13.jar;C:\Users\SINDHU\.m2\repository\org\apache\xmlgraphics\batik-dom\1.13\batik-dom-1.13.jar;C:\Users\SINDHU\.m2\repository\xalan\xalan\2.7.2\xalan-2.7.2.jar;C:\Users\SINDHU\.m2\repository\xalan\serializer\2.7.2\serializer-2.7.2.jar;C:\Users\SINDHU\.m2\repository\xml-apis\xml-apis\1.4.01\xml-apis-1.4.01.jar;C:\Users\SINDHU\.m2\repository\org\apache\xmlgraphics\batik-ext\1.13\batik-ext-1.13.jar;C:\Users\SINDHU\.m2\repository\org\apache\xmlgraphics\batik-extension\1.13\batik-extension-1.13.jar;C:\Users\SINDHU\.m2\repository\org\apache\xmlgraphics\batik-gui-util\1.13\batik-gui-util-1.13.jar;C:\Users\SINDHU\.m2\repository\org\apache\xmlgraphics\batik-gvt\1.13\batik-gvt-1.13.jar;C:\Users\SINDHU\.m2\repository\org\apache\xmlgraphics\batik-i18n\1.13\batik-i18n-1.13.jar;C:\Users\SINDHU\.m2\repository\org\apache\xmlgraphics\batik-parser\1.13\batik-parser-1.13.jar;C:\Users\SINDHU\.m2\repository\org\apache\xmlgraphics\batik-rasterizer-ext\1.13\batik-rasterizer-ext-1.13.jar;C:\Users\SINDHU\.m2\repository\org\apache\xmlgraphics\batik-rasterizer\1.13\batik-rasterizer-1.13.jar;C:\Users\SINDHU\.m2\repository\org\apache\xmlgraphics\batik-script\1.13\batik-script-1.13.jar;C:\Users\SINDHU\.m2\repository\org\apache\xmlgraphics\batik-slideshow\1.13\batik-slideshow-1.13.jar;C:\Users\SINDHU\.m2\repository\org\apache\xmlgraphics\batik-squiggle-ext\1.13\batik-squiggle-ext-1.13.jar;C:\Users\SINDHU\.m2\repository\org\apache\xmlgraphics\batik-squiggle\1.13\batik-squiggle-1.13.jar;C:\Users\SINDHU\.m2\repository\org\apache\xmlgraphics\batik-svg-dom\1.13\batik-svg-dom-1.13.jar;C:\Users\SINDHU\.m2\repository\org\apache\xmlgraphics\batik-svgbrowser\1.13\batik-svgbrowser-1.13.jar;C:\Users\SINDHU\.m2\repository\org\apache\xmlgraphics\batik-svggen\1.13\batik-svggen-1.13.jar;C:\Users\SINDHU\.m2\repository\org\apache\xmlgraphics\batik-svgpp\1.13\batik-svgpp-1.13.jar;C:\Users\SINDHU\.m2\repository\org\apache\xmlgraphics\batik-svgrasterizer\1.13\batik-svgrasterizer-1.13.jar;C:\Users\SINDHU\.m2\repository\org\apache\xmlgraphics\batik-swing\1.13\batik-swing-1.13.jar;C:\Users\SINDHU\.m2\repository\org\apache\xmlgraphics\batik-transcoder\1.13\batik-transcoder-1.13.jar;C:\Users\SINDHU\.m2\repository\org\apache\xmlgraphics\batik-util\1.13\batik-util-1.13.jar;C:\Users\SINDHU\.m2\repository\org\apache\xmlgraphics\batik-ttf2svg\1.13\batik-ttf2svg-1.13.jar;C:\Users\SINDHU\.m2\repository\org\apache\xmlgraphics\batik-xml\1.13\batik-xml-1.13.jar;C:\Users\SINDHU\.m2\repository\de\rototor\pdfbox\graphics2d\0.30\graphics2d-0.30.jar;C:\Users\SINDHU\.m2\repository\org\apache\pdfbox\pdfbox\2.0.22\pdfbox-2.0.22.jar;C:\Users\SINDHU\.m2\repository\org\apache\pdfbox\fontbox\2.0.22\fontbox-2.0.22.jar;C:\Users\SINDHU\.m2\repository\org\apache\poi\poi-ooxml-schemas\4.1.2\poi-ooxml-schemas-4.1.2.jar;C:\Users\SINDHU\.m2\repository\org\apache\poi\ooxml-schemas\1.4\ooxml-schemas-1.4.jar;C:\Users\SINDHU\.m2\repository\org\apache\commons\commons-collections4\4.1\commons-collections4-4.1.jar;C:\Users\SINDHU\.m2\repository\org\apache\xmlbeans\xmlbeans\4.0.0\xmlbeans-4.0.0.jar;C:\Users\SINDHU\.m2\repository\commons-io\commons-io\2.6\commons-io-2.6.jar;C:\Users\SINDHU\.m2\repository\com\aventstack\extentreports\3.1.5\extentreports-3.1.5.jar;C:\Users\SINDHU\.m2\repository\org\freemarker\freemarker\2.3.23\freemarker-2.3.23.jar;C:\Users\SINDHU\.m2\repository\org\mongodb\mongodb-driver\3.3.0\mongodb-driver-3.3.0.jar;C:\Users\SINDHU\.m2\repository\org\mongodb\bson\3.3.0\bson-3.3.0.jar;C:\Users\SINDHU\.m2\repository\org\mongodb\mongodb-driver-core\3.3.0\mongodb-driver-core-3.3.0.jar;C:\Users\SINDHU\.m2\repository\org\apache\httpcomponents\httpclient\4.5.2\httpclient-4.5.2.jar;C:\Users\SINDHU\.m2\repository\org\apache\httpcomponents\httpcore\4.4.4\httpcore-4.4.4.jar;C:\Users\SINDHU\.m2\repository\commons-logging\commons-logging\1.2\commons-logging-1.2.jar;C:\Users\SINDHU\.m2\repository\org\apache\httpcomponents\httpmime\4.5.2\httpmime-4.5.2.jar;C:\Users\SINDHU\.m2\repository\org\jsoup\jsoup\1.9.2\jsoup-1.9.2.jar;C:\Users\SINDHU\.m2\repository\com\google\code\gson\gson\2.8.0\gson-2.8.0.jar;C:\Users\SINDHU\.m2\repository\log4j\log4j\1.2.17\log4j-1.2.17.jar;"/>
    <property name="java.vm.vendor" value="Oracle Corporation"/>
    <property name="sun.arch.data.model" value="64"/>
    <property name="user.variant" value=""/>
    <property name="java.vendor.url" value="https://java.oracle.com/"/>
    <property name="user.timezone" value="Asia/Calcutta"/>
    <property name="os.name" value="Windows 10"/>
    <property name="java.vm.specification.version" value="14"/>
    <property name="sun.java.launcher" value="SUN_STANDARD"/>
    <property name="user.country" value="IN"/>
    <property name="sun.boot.library.path" value="C:\Program Files\Java\jdk-14.0.1\bin"/>
    <property name="sun.java.command" value="C:\Users\SINDHU\AppData\Local\Temp\surefire16410082624507917738\surefirebooter9445340030488891902.jar C:\Users\SINDHU\AppData\Local\Temp\surefire16410082624507917738 2021-03-15T17-13-50_897-jvmRun1 surefire2263089839414234437tmp surefire_0667619845032343580tmp"/>
    <property name="jdk.debug" value="release"/>
    <property name="surefire.test.class.path" value="C:\Users\SINDHU\eclipse-workspace\FlipkartProject\target\test-classes;C:\Users\SINDHU\eclipse-workspace\FlipkartProject\target\classes;C:\Users\SINDHU\.m2\repository\junit\junit\3.8.1\junit-3.8.1.jar;C:\Users\SINDHU\.m2\repository\org\seleniumhq\selenium\selenium-java\3.141.59\selenium-java-3.141.59.jar;C:\Users\SINDHU\.m2\repository\org\seleniumhq\selenium\selenium-api\3.141.59\selenium-api-3.141.59.jar;C:\Users\SINDHU\.m2\repository\org\seleniumhq\selenium\selenium-chrome-driver\3.141.59\selenium-chrome-driver-3.141.59.jar;C:\Users\SINDHU\.m2\repository\org\seleniumhq\selenium\selenium-edge-driver\3.141.59\selenium-edge-driver-3.141.59.jar;C:\Users\SINDHU\.m2\repository\org\seleniumhq\selenium\selenium-firefox-driver\3.141.59\selenium-firefox-driver-3.141.59.jar;C:\Users\SINDHU\.m2\repository\org\seleniumhq\selenium\selenium-ie-driver\3.141.59\selenium-ie-driver-3.141.59.jar;C:\Users\SINDHU\.m2\repository\org\seleniumhq\selenium\selenium-opera-driver\3.141.59\selenium-opera-driver-3.141.59.jar;C:\Users\SINDHU\.m2\repository\org\seleniumhq\selenium\selenium-remote-driver\3.141.59\selenium-remote-driver-3.141.59.jar;C:\Users\SINDHU\.m2\repository\org\seleniumhq\selenium\selenium-safari-driver\3.141.59\selenium-safari-driver-3.141.59.jar;C:\Users\SINDHU\.m2\repository\org\seleniumhq\selenium\selenium-support\3.141.59\selenium-support-3.141.59.jar;C:\Users\SINDHU\.m2\repository\net\bytebuddy\byte-buddy\1.8.15\byte-buddy-1.8.15.jar;C:\Users\SINDHU\.m2\repository\org\apache\commons\commons-exec\1.3\commons-exec-1.3.jar;C:\Users\SINDHU\.m2\repository\com\google\guava\guava\25.0-jre\guava-25.0-jre.jar;C:\Users\SINDHU\.m2\repository\com\google\code\findbugs\jsr305\1.3.9\jsr305-1.3.9.jar;C:\Users\SINDHU\.m2\repository\org\checkerframework\checker-compat-qual\2.0.0\checker-compat-qual-2.0.0.jar;C:\Users\SINDHU\.m2\repository\com\google\errorprone\error_prone_annotations\2.1.3\error_prone_annotations-2.1.3.jar;C:\Users\SINDHU\.m2\repository\com\google\j2objc\j2objc-annotations\1.1\j2objc-annotations-1.1.jar;C:\Users\SINDHU\.m2\repository\org\codehaus\mojo\animal-sniffer-annotations\1.14\animal-sniffer-annotations-1.14.jar;C:\Users\SINDHU\.m2\repository\com\squareup\okhttp3\okhttp\3.11.0\okhttp-3.11.0.jar;C:\Users\SINDHU\.m2\repository\com\squareup\okio\okio\1.14.0\okio-1.14.0.jar;C:\Users\SINDHU\.m2\repository\org\testng\testng\6.8\testng-6.8.jar;C:\Users\SINDHU\.m2\repository\org\beanshell\bsh\2.0b4\bsh-2.0b4.jar;C:\Users\SINDHU\.m2\repository\com\beust\jcommander\1.27\jcommander-1.27.jar;C:\Users\SINDHU\.m2\repository\org\yaml\snakeyaml\1.6\snakeyaml-1.6.jar;C:\Users\SINDHU\.m2\repository\org\apache\poi\poi\5.0.0\poi-5.0.0.jar;C:\Users\SINDHU\.m2\repository\org\slf4j\slf4j-api\1.7.30\slf4j-api-1.7.30.jar;C:\Users\SINDHU\.m2\repository\org\slf4j\jcl-over-slf4j\1.7.30\jcl-over-slf4j-1.7.30.jar;C:\Users\SINDHU\.m2\repository\commons-codec\commons-codec\1.15\commons-codec-1.15.jar;C:\Users\SINDHU\.m2\repository\org\apache\commons\commons-math3\3.6.1\commons-math3-3.6.1.jar;C:\Users\SINDHU\.m2\repository\com\zaxxer\SparseBitSet\1.2\SparseBitSet-1.2.jar;C:\Users\SINDHU\.m2\repository\org\apache\poi\poi-ooxml\5.0.0\poi-ooxml-5.0.0.jar;C:\Users\SINDHU\.m2\repository\org\apache\poi\poi-ooxml-lite\5.0.0\poi-ooxml-lite-5.0.0.jar;C:\Users\SINDHU\.m2\repository\org\apache\commons\commons-compress\1.20\commons-compress-1.20.jar;C:\Users\SINDHU\.m2\repository\com\github\virtuald\curvesapi\1.06\curvesapi-1.06.jar;C:\Users\SINDHU\.m2\repository\org\bouncycastle\bcpkix-jdk15on\1.68\bcpkix-jdk15on-1.68.jar;C:\Users\SINDHU\.m2\repository\org\bouncycastle\bcprov-jdk15on\1.68\bcprov-jdk15on-1.68.jar;C:\Users\SINDHU\.m2\repository\org\apache\santuario\xmlsec\2.2.1\xmlsec-2.2.1.jar;C:\Users\SINDHU\.m2\repository\com\fasterxml\woodstox\woodstox-core\5.2.1\woodstox-core-5.2.1.jar;C:\Users\SINDHU\.m2\repository\org\codehaus\woodstox\stax2-api\4.2\stax2-api-4.2.jar;C:\Users\SINDHU\.m2\repository\jakarta\xml\bind\jakarta.xml.bind-api\2.3.2\jakarta.xml.bind-api-2.3.2.jar;C:\Users\SINDHU\.m2\repository\jakarta\activation\jakarta.activation-api\1.2.1\jakarta.activation-api-1.2.1.jar;C:\Users\SINDHU\.m2\repository\org\apache\xmlgraphics\batik-all\1.13\batik-all-1.13.jar;C:\Users\SINDHU\.m2\repository\org\apache\xmlgraphics\batik-anim\1.13\batik-anim-1.13.jar;C:\Users\SINDHU\.m2\repository\org\apache\xmlgraphics\batik-shared-resources\1.13\batik-shared-resources-1.13.jar;C:\Users\SINDHU\.m2\repository\xml-apis\xml-apis-ext\1.3.04\xml-apis-ext-1.3.04.jar;C:\Users\SINDHU\.m2\repository\org\apache\xmlgraphics\batik-awt-util\1.13\batik-awt-util-1.13.jar;C:\Users\SINDHU\.m2\repository\org\apache\xmlgraphics\xmlgraphics-commons\2.4\xmlgraphics-commons-2.4.jar;C:\Users\SINDHU\.m2\repository\org\apache\xmlgraphics\batik-bridge\1.13\batik-bridge-1.13.jar;C:\Users\SINDHU\.m2\repository\org\apache\xmlgraphics\batik-codec\1.13\batik-codec-1.13.jar;C:\Users\SINDHU\.m2\repository\org\apache\xmlgraphics\batik-constants\1.13\batik-constants-1.13.jar;C:\Users\SINDHU\.m2\repository\org\apache\xmlgraphics\batik-css\1.13\batik-css-1.13.jar;C:\Users\SINDHU\.m2\repository\org\apache\xmlgraphics\batik-dom\1.13\batik-dom-1.13.jar;C:\Users\SINDHU\.m2\repository\xalan\xalan\2.7.2\xalan-2.7.2.jar;C:\Users\SINDHU\.m2\repository\xalan\serializer\2.7.2\serializer-2.7.2.jar;C:\Users\SINDHU\.m2\repository\xml-apis\xml-apis\1.4.01\xml-apis-1.4.01.jar;C:\Users\SINDHU\.m2\repository\org\apache\xmlgraphics\batik-ext\1.13\batik-ext-1.13.jar;C:\Users\SINDHU\.m2\repository\org\apache\xmlgraphics\batik-extension\1.13\batik-extension-1.13.jar;C:\Users\SINDHU\.m2\repository\org\apache\xmlgraphics\batik-gui-util\1.13\batik-gui-util-1.13.jar;C:\Users\SINDHU\.m2\repository\org\apache\xmlgraphics\batik-gvt\1.13\batik-gvt-1.13.jar;C:\Users\SINDHU\.m2\repository\org\apache\xmlgraphics\batik-i18n\1.13\batik-i18n-1.13.jar;C:\Users\SINDHU\.m2\repository\org\apache\xmlgraphics\batik-parser\1.13\batik-parser-1.13.jar;C:\Users\SINDHU\.m2\repository\org\apache\xmlgraphics\batik-rasterizer-ext\1.13\batik-rasterizer-ext-1.13.jar;C:\Users\SINDHU\.m2\repository\org\apache\xmlgraphics\batik-rasterizer\1.13\batik-rasterizer-1.13.jar;C:\Users\SINDHU\.m2\repository\org\apache\xmlgraphics\batik-script\1.13\batik-script-1.13.jar;C:\Users\SINDHU\.m2\repository\org\apache\xmlgraphics\batik-slideshow\1.13\batik-slideshow-1.13.jar;C:\Users\SINDHU\.m2\repository\org\apache\xmlgraphics\batik-squiggle-ext\1.13\batik-squiggle-ext-1.13.jar;C:\Users\SINDHU\.m2\repository\org\apache\xmlgraphics\batik-squiggle\1.13\batik-squiggle-1.13.jar;C:\Users\SINDHU\.m2\repository\org\apache\xmlgraphics\batik-svg-dom\1.13\batik-svg-dom-1.13.jar;C:\Users\SINDHU\.m2\repository\org\apache\xmlgraphics\batik-svgbrowser\1.13\batik-svgbrowser-1.13.jar;C:\Users\SINDHU\.m2\repository\org\apache\xmlgraphics\batik-svggen\1.13\batik-svggen-1.13.jar;C:\Users\SINDHU\.m2\repository\org\apache\xmlgraphics\batik-svgpp\1.13\batik-svgpp-1.13.jar;C:\Users\SINDHU\.m2\repository\org\apache\xmlgraphics\batik-svgrasterizer\1.13\batik-svgrasterizer-1.13.jar;C:\Users\SINDHU\.m2\repository\org\apache\xmlgraphics\batik-swing\1.13\batik-swing-1.13.jar;C:\Users\SINDHU\.m2\repository\org\apache\xmlgraphics\batik-transcoder\1.13\batik-transcoder-1.13.jar;C:\Users\SINDHU\.m2\repository\org\apache\xmlgraphics\batik-util\1.13\batik-util-1.13.jar;C:\Users\SINDHU\.m2\repository\org\apache\xmlgraphics\batik-ttf2svg\1.13\batik-ttf2svg-1.13.jar;C:\Users\SINDHU\.m2\repository\org\apache\xmlgraphics\batik-xml\1.13\batik-xml-1.13.jar;C:\Users\SINDHU\.m2\repository\de\rototor\pdfbox\graphics2d\0.30\graphics2d-0.30.jar;C:\Users\SINDHU\.m2\repository\org\apache\pdfbox\pdfbox\2.0.22\pdfbox-2.0.22.jar;C:\Users\SINDHU\.m2\repository\org\apache\pdfbox\fontbox\2.0.22\fontbox-2.0.22.jar;C:\Users\SINDHU\.m2\repository\org\apache\poi\poi-ooxml-schemas\4.1.2\poi-ooxml-schemas-4.1.2.jar;C:\Users\SINDHU\.m2\repository\org\apache\poi\ooxml-schemas\1.4\ooxml-schemas-1.4.jar;C:\Users\SINDHU\.m2\repository\org\apache\commons\commons-collections4\4.1\commons-collections4-4.1.jar;C:\Users\SINDHU\.m2\repository\org\apache\xmlbeans\xmlbeans\4.0.0\xmlbeans-4.0.0.jar;C:\Users\SINDHU\.m2\repository\commons-io\commons-io\2.6\commons-io-2.6.jar;C:\Users\SINDHU\.m2\repository\com\aventstack\extentreports\3.1.5\extentreports-3.1.5.jar;C:\Users\SINDHU\.m2\repository\org\freemarker\freemarker\2.3.23\freemarker-2.3.23.jar;C:\Users\SINDHU\.m2\repository\org\mongodb\mongodb-driver\3.3.0\mongodb-driver-3.3.0.jar;C:\Users\SINDHU\.m2\repository\org\mongodb\bson\3.3.0\bson-3.3.0.jar;C:\Users\SINDHU\.m2\repository\org\mongodb\mongodb-driver-core\3.3.0\mongodb-driver-core-3.3.0.jar;C:\Users\SINDHU\.m2\repository\org\apache\httpcomponents\httpclient\4.5.2\httpclient-4.5.2.jar;C:\Users\SINDHU\.m2\repository\org\apache\httpcomponents\httpcore\4.4.4\httpcore-4.4.4.jar;C:\Users\SINDHU\.m2\repository\commons-logging\commons-logging\1.2\commons-logging-1.2.jar;C:\Users\SINDHU\.m2\repository\org\apache\httpcomponents\httpmime\4.5.2\httpmime-4.5.2.jar;C:\Users\SINDHU\.m2\repository\org\jsoup\jsoup\1.9.2\jsoup-1.9.2.jar;C:\Users\SINDHU\.m2\repository\com\google\code\gson\gson\2.8.0\gson-2.8.0.jar;C:\Users\SINDHU\.m2\repository\log4j\log4j\1.2.17\log4j-1.2.17.jar;"/>
    <property name="sun.cpu.endian" value="little"/>
    <property name="user.home" value="C:\Users\SINDHU"/>
    <property name="user.language" value="en"/>
    <property name="java.specification.vendor" value="Oracle Corporation"/>
    <property name="java.version.date" value="2020-04-14"/>
    <property name="java.home" value="C:\Program Files\Java\jdk-14.0.1"/>
    <property name="file.separator" value="\"/>
    <property name="basedir" value="C:\Users\SINDHU\eclipse-workspace\FlipkartProject"/>
    <property name="java.vm.compressedOopsMode" value="32-bit"/>
    <property name="line.separator" value="&#10;"/>
    <property name="java.vm.specification.vendor" value="Oracle Corporation"/>
    <property name="java.specification.name" value="Java Platform API Specification"/>
    <property name="surefire.real.class.path" value="C:\Users\SINDHU\AppData\Local\Temp\surefire16410082624507917738\surefirebooter9445340030488891902.jar"/>
    <property name="user.script" value=""/>
    <property name="sun.management.compiler" value="HotSpot 64-Bit Tiered Compilers"/>
    <property name="java.runtime.version" value="14.0.1+7"/>
    <property name="user.name" value="SINDHU"/>
    <property name="path.separator" value=";"/>
    <property name="os.version" value="10.0"/>
    <property name="java.runtime.name" value="Java(TM) SE Runtime Environment"/>
    <property name="file.encoding" value="Cp1252"/>
    <property name="java.vm.name" value="Java HotSpot(TM) 64-Bit Server VM"/>
    <property name="localRepository" value="C:\Users\SINDHU\.m2\repository"/>
    <property name="java.vendor.url.bug" value="https://bugreport.java.com/bugreport/"/>
    <property name="java.io.tmpdir" value="C:\Users\SINDHU\AppData\Local\Temp\"/>
    <property name="java.version" value="14.0.1"/>
    <property name="user.dir" value="C:\Users\SINDHU\eclipse-workspace\FlipkartProject"/>
    <property name="os.arch" value="amd64"/>
    <property name="java.vm.specification.name" value="Java Virtual Machine Specification"/>
    <property name="sun.os.patch.level" value=""/>
    <property name="java.library.path" value="C:\Program Files\Java\jdk-14.0.1\bin;C:\Windows\Sun\Java\bin;C:\Windows\system32;C:\Windows;C:/Program Files/Java/jre1.8.0_251/bin/server;C:/Program Files/Java/jre1.8.0_251/bin;C:/Program Files/Java/jre1.8.0_251/lib/amd64;C:\Program Files (x86)\Common Files\Oracle\Java\javapath;C:\Windows\system32;C:\Windows;C:\Windows\System32\Wbem;C:\Windows\System32\WindowsPowerShell\v1.0\;C:\Windows\System32\OpenSSH\;C:\Program Files\Git\cmd;C:\Program Files\PuTTY\;C:\Program Files\Java\jdk-14.0.1\bin;C:\eclipse;;."/>
    <property name="java.vm.info" value="mixed mode, sharing"/>
    <property name="java.vendor" value="Oracle Corporation"/>
    <property name="java.vm.version" value="14.0.1+7"/>
    <property name="sun.io.unicode.encoding" value="UnicodeLittle"/>
    <property name="java.class.version" value="58.0"/>
  </properties>
  <testcase name="CheckLoginPageTitle" classname="com.flipkart.test.LoginPageTest" time="0.006">
    <system-out><![CDATA[Directory already exists: C:\Users\SINDHU\eclipse-workspace\FlipkartProject\TestReport
Directory already exists: C:\Users\SINDHU\eclipse-workspace\FlipkartProject\TestReport\Screenshots
C:\Users\SINDHU\eclipse-workspace\FlipkartProject\TestReport\Extent-Report.html
...
... TestNG 6.8beta 20120825_1010 by C�dric Beust (cedric@beust.com)
...

*** Test Suite Flipkart Test started ***
C:\Users\SINDHU\eclipse-workspace\FlipkartProject\TestReport\Screenshots\CheckLoginPageTitle.png
C:\Users\SINDHU\eclipse-workspace\FlipkartProject\TestReport\Screenshots\CheckProductCategory.png
C:\Users\SINDHU\eclipse-workspace\FlipkartProject\TestReport\Screenshots\HomePageTitle.png
C:\Users\SINDHU\eclipse-workspace\FlipkartProject\TestReport\Screenshots\LaunchProduct.png
C:\Users\SINDHU\eclipse-workspace\FlipkartProject\TestReport\Screenshots\Login.png
C:\Users\SINDHU\eclipse-workspace\FlipkartProject\TestReport\Screenshots\OrderProduct.png
C:\Users\SINDHU\eclipse-workspace\FlipkartProject\TestReport\Screenshots\PaymentPageTitle.png
C:\Users\SINDHU\eclipse-workspace\FlipkartProject\TestReport\Screenshots\ProductPageTitle.png
C:\Users\SINDHU\eclipse-workspace\FlipkartProject\TestReport\Screenshots\PurchaseProduct.png
C:\Users\SINDHU\eclipse-workspace\FlipkartProject\TestReport\Screenshots\SearchPageTitle.png
C:\Users\SINDHU\eclipse-workspace\FlipkartProject\TestReport\Screenshots\SearchProduct.png
C:\Users\SINDHU\eclipse-workspace\FlipkartProject\TestReport\Screenshots\VerifyUserId.png
Before navigating to: 'https://www.flipkart.com/'
Navigated to:'https://www.flipkart.com/'
*** Running test method CheckLoginPageTitle...
Online Shopping Site for Mobiles, Electronics, Furniture, Grocery, Lifestyle, Books & More. Best Offers!
]]></system-out>
    <system-err><![CDATA[Starting ChromeDriver 88.0.4324.96 (68dba2d8a0b149a1d3afac56fa74648032bcf46b-refs/branch-heads/4324@{#1784}) on port 37653
Only local connections are allowed.
Please see https://chromedriver.chromium.org/security-considerations for suggestions on keeping ChromeDriver safe.
ChromeDriver was started successfully.
[1615808633.737][WARNING]: This version of ChromeDriver has not been tested with Chrome version 89.
Mar 15, 2021 5:13:53 PM org.openqa.selenium.remote.ProtocolHandshake createSession
INFO: Detected dialect: W3C
]]></system-err>
  </testcase>
  <testcase name="Login" classname="com.flipkart.test.LoginPageTest" time="0.699">
    <system-out><![CDATA[*** Executed CheckLoginPageTitle test successfully...
Before navigating to: 'https://www.flipkart.com/'
Navigated to:'https://www.flipkart.com/'
*** Running test method Login...
Trying to find Element By : By.xpath: (//input[@type='text'])[2]
Found Element By : By.xpath: (//input[@type='text'])[2]
Trying to find Element By : By.xpath: //input[@type='password']
Found Element By : By.xpath: //input[@type='password']
Trying to find Element By : By.xpath: (//span[contains(text(),'Login')])[2]
Found Element By : By.xpath: (//span[contains(text(),'Login')])[2]
Trying to click on: [[ChromeDriver: chrome on WINDOWS (570bbf6ac5ee9d05e11e9c09633e678f)] -> xpath: (//span[contains(text(),'Login')])[2]]
Clicked on: [[ChromeDriver: chrome on WINDOWS (570bbf6ac5ee9d05e11e9c09633e678f)] -> xpath: (//span[contains(text(),'Login')])[2]]
]]></system-out>
    <system-err><![CDATA[Starting ChromeDriver 88.0.4324.96 (68dba2d8a0b149a1d3afac56fa74648032bcf46b-refs/branch-heads/4324@{#1784}) on port 21203
Only local connections are allowed.
Please see https://chromedriver.chromium.org/security-considerations for suggestions on keeping ChromeDriver safe.
ChromeDriver was started successfully.
[1615808643.604][WARNING]: This version of ChromeDriver has not been tested with Chrome version 89.
Mar 15, 2021 5:14:03 PM org.openqa.selenium.remote.ProtocolHandshake createSession
INFO: Detected dialect: W3C
]]></system-err>
  </testcase>
  <testcase name="HomePageTitle" classname="com.flipkart.test.HomePageTest" time="0.003">
    <system-out><![CDATA[*** Executed Login test successfully...
Before navigating to: 'https://www.flipkart.com/'
Navigated to:'https://www.flipkart.com/'
Trying to find Element By : By.xpath: (//input[@type='text'])[2]
Found Element By : By.xpath: (//input[@type='text'])[2]
Trying to find Element By : By.xpath: //input[@type='password']
Found Element By : By.xpath: //input[@type='password']
Trying to find Element By : By.xpath: (//span[contains(text(),'Login')])[2]
Found Element By : By.xpath: (//span[contains(text(),'Login')])[2]
Trying to click on: [[ChromeDriver: chrome on WINDOWS (0c45d74844735513bb1de7f31a19c243)] -> xpath: (//span[contains(text(),'Login')])[2]]
Clicked on: [[ChromeDriver: chrome on WINDOWS (0c45d74844735513bb1de7f31a19c243)] -> xpath: (//span[contains(text(),'Login')])[2]]
*** Running test method HomePageTitle...
Online Shopping Site for Mobiles, Electronics, Furniture, Grocery, Lifestyle, Books & More. Best Offers!
]]></system-out>
    <system-err><![CDATA[Starting ChromeDriver 88.0.4324.96 (68dba2d8a0b149a1d3afac56fa74648032bcf46b-refs/branch-heads/4324@{#1784}) on port 36110
Only local connections are allowed.
Please see https://chromedriver.chromium.org/security-considerations for suggestions on keeping ChromeDriver safe.
ChromeDriver was started successfully.
[1615808653.842][WARNING]: This version of ChromeDriver has not been tested with Chrome version 89.
Mar 15, 2021 5:14:13 PM org.openqa.selenium.remote.ProtocolHandshake createSession
INFO: Detected dialect: W3C
]]></system-err>
  </testcase>
  <testcase name="SearchProduct" classname="com.flipkart.test.HomePageTest" time="0.207">
    <system-out><![CDATA[*** Executed HomePageTitle test successfully...
Before navigating to: 'https://www.flipkart.com/'
Navigated to:'https://www.flipkart.com/'
Trying to find Element By : By.xpath: (//input[@type='text'])[2]
Found Element By : By.xpath: (//input[@type='text'])[2]
Trying to find Element By : By.xpath: //input[@type='password']
Found Element By : By.xpath: //input[@type='password']
Trying to find Element By : By.xpath: (//span[contains(text(),'Login')])[2]
Found Element By : By.xpath: (//span[contains(text(),'Login')])[2]
Trying to click on: [[ChromeDriver: chrome on WINDOWS (464701e60c7277710e99b2544919ffb8)] -> xpath: (//span[contains(text(),'Login')])[2]]
Clicked on: [[ChromeDriver: chrome on WINDOWS (464701e60c7277710e99b2544919ffb8)] -> xpath: (//span[contains(text(),'Login')])[2]]
*** Running test method SearchProduct...
Trying to find Element By : By.xpath: //input[@title='Search for products, brands and more']
Found Element By : By.xpath: //input[@title='Search for products, brands and more']
Trying to find Element By : By.xpath: //input[@title='Search for products, brands and more']
Found Element By : By.xpath: //input[@title='Search for products, brands and more']
]]></system-out>
    <system-err><![CDATA[Starting ChromeDriver 88.0.4324.96 (68dba2d8a0b149a1d3afac56fa74648032bcf46b-refs/branch-heads/4324@{#1784}) on port 17272
Only local connections are allowed.
Please see https://chromedriver.chromium.org/security-considerations for suggestions on keeping ChromeDriver safe.
ChromeDriver was started successfully.
[1615808662.515][WARNING]: This version of ChromeDriver has not been tested with Chrome version 89.
Mar 15, 2021 5:14:22 PM org.openqa.selenium.remote.ProtocolHandshake createSession
INFO: Detected dialect: W3C
]]></system-err>
  </testcase>
  <testcase name="VerifyUserId" classname="com.flipkart.test.HomePageTest" time="3.962">
    <system-out><![CDATA[*** Executed SearchProduct test successfully...
Before navigating to: 'https://www.flipkart.com/'
Navigated to:'https://www.flipkart.com/'
Trying to find Element By : By.xpath: (//input[@type='text'])[2]
Found Element By : By.xpath: (//input[@type='text'])[2]
Trying to find Element By : By.xpath: //input[@type='password']
Found Element By : By.xpath: //input[@type='password']
Trying to find Element By : By.xpath: (//span[contains(text(),'Login')])[2]
Found Element By : By.xpath: (//span[contains(text(),'Login')])[2]
Trying to click on: [[ChromeDriver: chrome on WINDOWS (087abde745d33c8f2362c5bd713c9616)] -> xpath: (//span[contains(text(),'Login')])[2]]
Clicked on: [[ChromeDriver: chrome on WINDOWS (087abde745d33c8f2362c5bd713c9616)] -> xpath: (//span[contains(text(),'Login')])[2]]
*** Running test method VerifyUserId...
Trying to find Element By : By.xpath: //div[contains(text(),'Sindhu')]
Found Element By : By.xpath: //div[contains(text(),'Sindhu')]
Sindhu
]]></system-out>
    <system-err><![CDATA[Starting ChromeDriver 88.0.4324.96 (68dba2d8a0b149a1d3afac56fa74648032bcf46b-refs/branch-heads/4324@{#1784}) on port 29986
Only local connections are allowed.
Please see https://chromedriver.chromium.org/security-considerations for suggestions on keeping ChromeDriver safe.
ChromeDriver was started successfully.
[1615808678.516][WARNING]: This version of ChromeDriver has not been tested with Chrome version 89.
Mar 15, 2021 5:14:38 PM org.openqa.selenium.remote.ProtocolHandshake createSession
INFO: Detected dialect: W3C
]]></system-err>
  </testcase>
  <testcase name="CheckProductCategory" classname="com.flipkart.test.SearchPageTest" time="6.639">
    <system-out><![CDATA[*** Executed VerifyUserId test successfully...
Before navigating to: 'https://www.flipkart.com/'
Navigated to:'https://www.flipkart.com/'
Trying to find Element By : By.xpath: (//input[@type='text'])[2]
Found Element By : By.xpath: (//input[@type='text'])[2]
Trying to find Element By : By.xpath: //input[@type='password']
Found Element By : By.xpath: //input[@type='password']
Trying to find Element By : By.xpath: (//span[contains(text(),'Login')])[2]
Found Element By : By.xpath: (//span[contains(text(),'Login')])[2]
Trying to click on: [[ChromeDriver: chrome on WINDOWS (1c3dd2a24f9d65d7a08df10a53770291)] -> xpath: (//span[contains(text(),'Login')])[2]]
Clicked on: [[ChromeDriver: chrome on WINDOWS (1c3dd2a24f9d65d7a08df10a53770291)] -> xpath: (//span[contains(text(),'Login')])[2]]
Trying to find Element By : By.xpath: //input[@title='Search for products, brands and more']
Found Element By : By.xpath: //input[@title='Search for products, brands and more']
Trying to find Element By : By.xpath: //input[@title='Search for products, brands and more']
Found Element By : By.xpath: //input[@title='Search for products, brands and more']
*** Running test method CheckProductCategory...
Trying to find Element By : By.xpath: //a[@title='Mobiles']
Found Element By : By.xpath: //a[@title='Mobiles']
Mobiles
]]></system-out>
    <system-err><![CDATA[Starting ChromeDriver 88.0.4324.96 (68dba2d8a0b149a1d3afac56fa74648032bcf46b-refs/branch-heads/4324@{#1784}) on port 16200
Only local connections are allowed.
Please see https://chromedriver.chromium.org/security-considerations for suggestions on keeping ChromeDriver safe.
ChromeDriver was started successfully.
[1615808696.185][WARNING]: This version of ChromeDriver has not been tested with Chrome version 89.
Mar 15, 2021 5:14:56 PM org.openqa.selenium.remote.ProtocolHandshake createSession
INFO: Detected dialect: W3C
]]></system-err>
  </testcase>
  <testcase name="LaunchProduct" classname="com.flipkart.test.SearchPageTest" time="4.378">
    <system-out><![CDATA[*** Executed CheckProductCategory test successfully...
Before navigating to: 'https://www.flipkart.com/'
Navigated to:'https://www.flipkart.com/'
Trying to find Element By : By.xpath: (//input[@type='text'])[2]
Found Element By : By.xpath: (//input[@type='text'])[2]
Trying to find Element By : By.xpath: //input[@type='password']
Found Element By : By.xpath: //input[@type='password']
Trying to find Element By : By.xpath: (//span[contains(text(),'Login')])[2]
Found Element By : By.xpath: (//span[contains(text(),'Login')])[2]
Trying to click on: [[ChromeDriver: chrome on WINDOWS (2f390f9e4d8ee53bf9cbe79e7d3e45d7)] -> xpath: (//span[contains(text(),'Login')])[2]]
Clicked on: [[ChromeDriver: chrome on WINDOWS (2f390f9e4d8ee53bf9cbe79e7d3e45d7)] -> xpath: (//span[contains(text(),'Login')])[2]]
Trying to find Element By : By.xpath: //input[@title='Search for products, brands and more']
Found Element By : By.xpath: //input[@title='Search for products, brands and more']
Trying to find Element By : By.xpath: //input[@title='Search for products, brands and more']
Found Element By : By.xpath: //input[@title='Search for products, brands and more']
*** Running test method LaunchProduct...
Trying to find Element By : By.xpath: //div[contains(text(),'Redmi 9 Prime (Sunrise Flare, 64 GB)')]
Found Element By : By.xpath: //div[contains(text(),'Redmi 9 Prime (Sunrise Flare, 64 GB)')]
Trying to click on: [[ChromeDriver: chrome on WINDOWS (2f390f9e4d8ee53bf9cbe79e7d3e45d7)] -> xpath: //div[contains(text(),'Redmi 9 Prime (Sunrise Flare, 64 GB)')]]
Clicked on: [[ChromeDriver: chrome on WINDOWS (2f390f9e4d8ee53bf9cbe79e7d3e45d7)] -> xpath: //div[contains(text(),'Redmi 9 Prime (Sunrise Flare, 64 GB)')]]
]]></system-out>
    <system-err><![CDATA[Starting ChromeDriver 88.0.4324.96 (68dba2d8a0b149a1d3afac56fa74648032bcf46b-refs/branch-heads/4324@{#1784}) on port 44591
Only local connections are allowed.
Please see https://chromedriver.chromium.org/security-considerations for suggestions on keeping ChromeDriver safe.
ChromeDriver was started successfully.
[1615808712.593][WARNING]: This version of ChromeDriver has not been tested with Chrome version 89.
Mar 15, 2021 5:15:12 PM org.openqa.selenium.remote.ProtocolHandshake createSession
INFO: Detected dialect: W3C
]]></system-err>
  </testcase>
  <testcase name="SearchPageTitle" classname="com.flipkart.test.SearchPageTest" time="0.003">
    <system-out><![CDATA[*** Executed LaunchProduct test successfully...
Before navigating to: 'https://www.flipkart.com/'
Navigated to:'https://www.flipkart.com/'
Trying to find Element By : By.xpath: (//input[@type='text'])[2]
Found Element By : By.xpath: (//input[@type='text'])[2]
Trying to find Element By : By.xpath: //input[@type='password']
Found Element By : By.xpath: //input[@type='password']
Trying to find Element By : By.xpath: (//span[contains(text(),'Login')])[2]
Found Element By : By.xpath: (//span[contains(text(),'Login')])[2]
Trying to click on: [[ChromeDriver: chrome on WINDOWS (52e876091715e347e6c11cfc523d3c84)] -> xpath: (//span[contains(text(),'Login')])[2]]
Clicked on: [[ChromeDriver: chrome on WINDOWS (52e876091715e347e6c11cfc523d3c84)] -> xpath: (//span[contains(text(),'Login')])[2]]
Trying to find Element By : By.xpath: //input[@title='Search for products, brands and more']
Found Element By : By.xpath: //input[@title='Search for products, brands and more']
Trying to find Element By : By.xpath: //input[@title='Search for products, brands and more']
Found Element By : By.xpath: //input[@title='Search for products, brands and more']
*** Running test method SearchPageTitle...
Online Shopping Site for Mobiles, Electronics, Furniture, Grocery, Lifestyle, Books & More. Best Offers!
]]></system-out>
    <system-err><![CDATA[Starting ChromeDriver 88.0.4324.96 (68dba2d8a0b149a1d3afac56fa74648032bcf46b-refs/branch-heads/4324@{#1784}) on port 43579
Only local connections are allowed.
Please see https://chromedriver.chromium.org/security-considerations for suggestions on keeping ChromeDriver safe.
ChromeDriver was started successfully.
[1615808732.356][WARNING]: This version of ChromeDriver has not been tested with Chrome version 89.
Mar 15, 2021 5:15:32 PM org.openqa.selenium.remote.ProtocolHandshake createSession
INFO: Detected dialect: W3C
]]></system-err>
  </testcase>
  <testcase name="ProductPageTitle" classname="com.flipkart.test.ProductPageTest" time="0.009">
    <system-out><![CDATA[*** Executed SearchPageTitle test successfully...
Before navigating to: 'https://www.flipkart.com/'
Navigated to:'https://www.flipkart.com/'
Trying to find Element By : By.xpath: (//input[@type='text'])[2]
Found Element By : By.xpath: (//input[@type='text'])[2]
Trying to find Element By : By.xpath: //input[@type='password']
Found Element By : By.xpath: //input[@type='password']
Trying to find Element By : By.xpath: (//span[contains(text(),'Login')])[2]
Found Element By : By.xpath: (//span[contains(text(),'Login')])[2]
Trying to click on: [[ChromeDriver: chrome on WINDOWS (369fc3f3d84355a6ee01999f8d3924f8)] -> xpath: (//span[contains(text(),'Login')])[2]]
Clicked on: [[ChromeDriver: chrome on WINDOWS (369fc3f3d84355a6ee01999f8d3924f8)] -> xpath: (//span[contains(text(),'Login')])[2]]
Trying to find Element By : By.xpath: //input[@title='Search for products, brands and more']
Found Element By : By.xpath: //input[@title='Search for products, brands and more']
Trying to find Element By : By.xpath: //input[@title='Search for products, brands and more']
Found Element By : By.xpath: //input[@title='Search for products, brands and more']
Trying to find Element By : By.xpath: //div[contains(text(),'Redmi 9 Prime (Sunrise Flare, 64 GB)')]
Found Element By : By.xpath: //div[contains(text(),'Redmi 9 Prime (Sunrise Flare, 64 GB)')]
Trying to click on: [[ChromeDriver: chrome on WINDOWS (369fc3f3d84355a6ee01999f8d3924f8)] -> xpath: //div[contains(text(),'Redmi 9 Prime (Sunrise Flare, 64 GB)')]]
Clicked on: [[ChromeDriver: chrome on WINDOWS (369fc3f3d84355a6ee01999f8d3924f8)] -> xpath: //div[contains(text(),'Redmi 9 Prime (Sunrise Flare, 64 GB)')]]
*** Running test method ProductPageTitle...
Redmi 9 Prime (Sunrise Flare, 64 GB)- Buy Products Online at Best Price in India - All Categories | Flipkart.com
]]></system-out>
    <system-err><![CDATA[Starting ChromeDriver 88.0.4324.96 (68dba2d8a0b149a1d3afac56fa74648032bcf46b-refs/branch-heads/4324@{#1784}) on port 25246
Only local connections are allowed.
Please see https://chromedriver.chromium.org/security-considerations for suggestions on keeping ChromeDriver safe.
ChromeDriver was started successfully.
[1615808745.222][WARNING]: This version of ChromeDriver has not been tested with Chrome version 89.
Mar 15, 2021 5:15:45 PM org.openqa.selenium.remote.ProtocolHandshake createSession
INFO: Detected dialect: W3C
]]></system-err>
  </testcase>
  <testcase name="PurchaseProduct" classname="com.flipkart.test.ProductPageTest" time="5.471">
    <system-out><![CDATA[*** Executed ProductPageTitle test successfully...
Before navigating to: 'https://www.flipkart.com/'
Navigated to:'https://www.flipkart.com/'
Trying to find Element By : By.xpath: (//input[@type='text'])[2]
Found Element By : By.xpath: (//input[@type='text'])[2]
Trying to find Element By : By.xpath: //input[@type='password']
Found Element By : By.xpath: //input[@type='password']
Trying to find Element By : By.xpath: (//span[contains(text(),'Login')])[2]
Found Element By : By.xpath: (//span[contains(text(),'Login')])[2]
Trying to click on: [[ChromeDriver: chrome on WINDOWS (341227bdd3146f501cc2fca72acaf3d3)] -> xpath: (//span[contains(text(),'Login')])[2]]
Clicked on: [[ChromeDriver: chrome on WINDOWS (341227bdd3146f501cc2fca72acaf3d3)] -> xpath: (//span[contains(text(),'Login')])[2]]
Trying to find Element By : By.xpath: //input[@title='Search for products, brands and more']
Found Element By : By.xpath: //input[@title='Search for products, brands and more']
Trying to find Element By : By.xpath: //input[@title='Search for products, brands and more']
Found Element By : By.xpath: //input[@title='Search for products, brands and more']
Trying to find Element By : By.xpath: //div[contains(text(),'Redmi 9 Prime (Sunrise Flare, 64 GB)')]
Found Element By : By.xpath: //div[contains(text(),'Redmi 9 Prime (Sunrise Flare, 64 GB)')]
Trying to click on: [[ChromeDriver: chrome on WINDOWS (341227bdd3146f501cc2fca72acaf3d3)] -> xpath: //div[contains(text(),'Redmi 9 Prime (Sunrise Flare, 64 GB)')]]
Clicked on: [[ChromeDriver: chrome on WINDOWS (341227bdd3146f501cc2fca72acaf3d3)] -> xpath: //div[contains(text(),'Redmi 9 Prime (Sunrise Flare, 64 GB)')]]
*** Running test method PurchaseProduct...
parent window name: CDwindow-0317F213A6ACB3927BD9017E7C43A6CB
Searched Product is sucessfully launched in new tab
mi Redmi 9 Prime ( 64 GB Storage, 4 GB RAM ) Online at Best Price On Flipkart.com
Trying to find Element By : By.xpath: //button[@type='button']
Found Element By : By.xpath: //button[@type='button']
Trying to click on: [[ChromeDriver: chrome on WINDOWS (341227bdd3146f501cc2fca72acaf3d3)] -> xpath: //button[@type='button']]
Clicked on: [[ChromeDriver: chrome on WINDOWS (341227bdd3146f501cc2fca72acaf3d3)] -> xpath: //button[@type='button']]
]]></system-out>
    <system-err><![CDATA[Starting ChromeDriver 88.0.4324.96 (68dba2d8a0b149a1d3afac56fa74648032bcf46b-refs/branch-heads/4324@{#1784}) on port 18664
Only local connections are allowed.
Please see https://chromedriver.chromium.org/security-considerations for suggestions on keeping ChromeDriver safe.
ChromeDriver was started successfully.
[1615808760.244][WARNING]: This version of ChromeDriver has not been tested with Chrome version 89.
Mar 15, 2021 5:16:00 PM org.openqa.selenium.remote.ProtocolHandshake createSession
INFO: Detected dialect: W3C
]]></system-err>
  </testcase>
  <testcase name="OrderProduct" classname="com.flipkart.test.PlaceOrderPageTest" time="62.019">
    <system-out><![CDATA[*** Executed PurchaseProduct test successfully...
Before navigating to: 'https://www.flipkart.com/'
Navigated to:'https://www.flipkart.com/'
Trying to find Element By : By.xpath: (//input[@type='text'])[2]
Found Element By : By.xpath: (//input[@type='text'])[2]
Trying to find Element By : By.xpath: //input[@type='password']
Found Element By : By.xpath: //input[@type='password']
Trying to find Element By : By.xpath: (//span[contains(text(),'Login')])[2]
Found Element By : By.xpath: (//span[contains(text(),'Login')])[2]
Trying to click on: [[ChromeDriver: chrome on WINDOWS (e4a2e774216f0f3962047e3cf5cc322c)] -> xpath: (//span[contains(text(),'Login')])[2]]
Clicked on: [[ChromeDriver: chrome on WINDOWS (e4a2e774216f0f3962047e3cf5cc322c)] -> xpath: (//span[contains(text(),'Login')])[2]]
Trying to find Element By : By.xpath: //input[@title='Search for products, brands and more']
Found Element By : By.xpath: //input[@title='Search for products, brands and more']
Trying to find Element By : By.xpath: //input[@title='Search for products, brands and more']
Found Element By : By.xpath: //input[@title='Search for products, brands and more']
Trying to find Element By : By.xpath: //div[contains(text(),'Redmi 9 Prime (Sunrise Flare, 64 GB)')]
Found Element By : By.xpath: //div[contains(text(),'Redmi 9 Prime (Sunrise Flare, 64 GB)')]
Trying to click on: [[ChromeDriver: chrome on WINDOWS (e4a2e774216f0f3962047e3cf5cc322c)] -> xpath: //div[contains(text(),'Redmi 9 Prime (Sunrise Flare, 64 GB)')]]
Clicked on: [[ChromeDriver: chrome on WINDOWS (e4a2e774216f0f3962047e3cf5cc322c)] -> xpath: //div[contains(text(),'Redmi 9 Prime (Sunrise Flare, 64 GB)')]]
parent window name: CDwindow-1DB85885E5C5C40E869095EFAC1FF4DD
Searched Product is sucessfully launched in new tab
mi Redmi 9 Prime ( 64 GB Storage, 4 GB RAM ) Online at Best Price On Flipkart.com
Trying to find Element By : By.xpath: //button[@type='button']
Found Element By : By.xpath: //button[@type='button']
Trying to click on: [[ChromeDriver: chrome on WINDOWS (e4a2e774216f0f3962047e3cf5cc322c)] -> xpath: //button[@type='button']]
Clicked on: [[ChromeDriver: chrome on WINDOWS (e4a2e774216f0f3962047e3cf5cc322c)] -> xpath: //button[@type='button']]
*** Running test method OrderProduct...
Trying to find Element By : By.xpath: //button[contains(text(),'CONTINUE')]
Found Element By : By.xpath: //button[contains(text(),'CONTINUE')]
Trying to click on: [[ChromeDriver: chrome on WINDOWS (e4a2e774216f0f3962047e3cf5cc322c)] -> xpath: //button[contains(text(),'CONTINUE')]]
Clicked on: [[ChromeDriver: chrome on WINDOWS (e4a2e774216f0f3962047e3cf5cc322c)] -> xpath: //button[contains(text(),'CONTINUE')]]
Trying to find Element By : By.xpath: //button[contains(text(),'CONTINUE')]
Found Element By : By.xpath: //button[contains(text(),'CONTINUE')]
Trying to click on: [[ChromeDriver: chrome on WINDOWS (e4a2e774216f0f3962047e3cf5cc322c)] -> xpath: //button[contains(text(),'CONTINUE')]]
Clicked on: [[ChromeDriver: chrome on WINDOWS (e4a2e774216f0f3962047e3cf5cc322c)] -> xpath: //button[contains(text(),'CONTINUE')]]
Trying to find Element By : By.xpath: //input[@name='cardNumber']
Found Element By : By.xpath: //input[@name='cardNumber']
Trying to find Element By : By.xpath: //span[contains(text(),'Not a valid card number')]
Found Element By : By.xpath: //span[contains(text(),'Not a valid card number')]
]]></system-out>
    <system-err><![CDATA[Starting ChromeDriver 88.0.4324.96 (68dba2d8a0b149a1d3afac56fa74648032bcf46b-refs/branch-heads/4324@{#1784}) on port 11101
Only local connections are allowed.
Please see https://chromedriver.chromium.org/security-considerations for suggestions on keeping ChromeDriver safe.
ChromeDriver was started successfully.
[1615808781.410][WARNING]: This version of ChromeDriver has not been tested with Chrome version 89.
Mar 15, 2021 5:16:21 PM org.openqa.selenium.remote.ProtocolHandshake createSession
INFO: Detected dialect: W3C
]]></system-err>
  </testcase>
  <testcase name="PaymentPageTitle" classname="com.flipkart.test.PlaceOrderPageTest" time="0.002">
    <system-out><![CDATA[*** Executed OrderProduct test successfully...
Before navigating to: 'https://www.flipkart.com/'
Navigated to:'https://www.flipkart.com/'
Trying to find Element By : By.xpath: (//input[@type='text'])[2]
Found Element By : By.xpath: (//input[@type='text'])[2]
Trying to find Element By : By.xpath: //input[@type='password']
Found Element By : By.xpath: //input[@type='password']
Trying to find Element By : By.xpath: (//span[contains(text(),'Login')])[2]
Found Element By : By.xpath: (//span[contains(text(),'Login')])[2]
Trying to click on: [[ChromeDriver: chrome on WINDOWS (020d60b9caf09f8c73bd45df817f82b8)] -> xpath: (//span[contains(text(),'Login')])[2]]
Clicked on: [[ChromeDriver: chrome on WINDOWS (020d60b9caf09f8c73bd45df817f82b8)] -> xpath: (//span[contains(text(),'Login')])[2]]
Trying to find Element By : By.xpath: //input[@title='Search for products, brands and more']
Found Element By : By.xpath: //input[@title='Search for products, brands and more']
Trying to find Element By : By.xpath: //input[@title='Search for products, brands and more']
Found Element By : By.xpath: //input[@title='Search for products, brands and more']
Trying to find Element By : By.xpath: //div[contains(text(),'Redmi 9 Prime (Sunrise Flare, 64 GB)')]
Found Element By : By.xpath: //div[contains(text(),'Redmi 9 Prime (Sunrise Flare, 64 GB)')]
Trying to click on: [[ChromeDriver: chrome on WINDOWS (020d60b9caf09f8c73bd45df817f82b8)] -> xpath: //div[contains(text(),'Redmi 9 Prime (Sunrise Flare, 64 GB)')]]
Clicked on: [[ChromeDriver: chrome on WINDOWS (020d60b9caf09f8c73bd45df817f82b8)] -> xpath: //div[contains(text(),'Redmi 9 Prime (Sunrise Flare, 64 GB)')]]
parent window name: CDwindow-072B26221EDF36DBDD35ADC0F61FB7E9
Searched Product is sucessfully launched in new tab
mi Redmi 9 Prime ( 64 GB Storage, 4 GB RAM ) Online at Best Price On Flipkart.com
Trying to find Element By : By.xpath: //button[@type='button']
Found Element By : By.xpath: //button[@type='button']
Trying to click on: [[ChromeDriver: chrome on WINDOWS (020d60b9caf09f8c73bd45df817f82b8)] -> xpath: //button[@type='button']]
Clicked on: [[ChromeDriver: chrome on WINDOWS (020d60b9caf09f8c73bd45df817f82b8)] -> xpath: //button[@type='button']]
*** Running test method PaymentPageTitle...
mi Redmi 9 Prime ( 64 GB Storage, 4 GB RAM ) Online at Best Price On Flipkart.com
]]></system-out>
    <system-err><![CDATA[Starting ChromeDriver 88.0.4324.96 (68dba2d8a0b149a1d3afac56fa74648032bcf46b-refs/branch-heads/4324@{#1784}) on port 13495
Only local connections are allowed.
Please see https://chromedriver.chromium.org/security-considerations for suggestions on keeping ChromeDriver safe.
ChromeDriver was started successfully.
[1615808860.923][WARNING]: This version of ChromeDriver has not been tested with Chrome version 89.
Mar 15, 2021 5:17:40 PM org.openqa.selenium.remote.ProtocolHandshake createSession
INFO: Detected dialect: W3C
]]></system-err>
  </testcase>
</testsuite>