<?xml version="1.0" encoding="UTF-8"?>
<!-- Generated by org.testng.reporters.JUnitReportReporter -->
<testsuite hostname="LAPTOP-VRS9433I" name="com.flipkart.test.SearchPageTest" tests="3" failures="0" timestamp="12 Mar 2021 10:30:30 GMT" time="53.595" errors="0">
  <testcase name="CheckProductCategory" time="19.813" classname="com.flipkart.test.SearchPageTest"/>
  <testcase name="SearchPageTitle" time="15.281" classname="com.flipkart.test.SearchPageTest"/>
  <testcase name="LaunchProduct" time="18.501" classname="com.flipkart.test.SearchPageTest"/>
</testsuite> <!-- com.flipkart.test.SearchPageTest -->
