<?xml version="1.0" encoding="UTF-8"?>
<!-- Generated by org.testng.reporters.JUnitReportReporter -->
<testsuite hostname="LAPTOP-VRS9433I" name="com.flipkart.test.LoginPageTest" tests="2" failures="0" timestamp="10 Mar 2021 05:13:34 GMT" time="93.204" errors="0">
  <testcase name="Login" time="56.837" classname="com.flipkart.test.LoginPageTest"/>
  <testcase name="CheckLoginPageTitle" time="36.367" classname="com.flipkart.test.LoginPageTest"/>
</testsuite> <!-- com.flipkart.test.LoginPageTest -->
