<?xml version="1.0" encoding="UTF-8"?>
<!-- Generated by org.testng.reporters.JUnitReportReporter -->
<testsuite hostname="LAPTOP-VRS9433I" name="com.flipkart.test.ProductPageTest" tests="2" failures="0" timestamp="12 Mar 2021 10:30:30 GMT" time="41.837" errors="1">
  <testcase name="PurchaseProduct" time="22.505" classname="com.flipkart.test.ProductPageTest"/>
  <testcase name="ProductPageTitle" time="19.332" classname="com.flipkart.test.ProductPageTest">
    <error type="java.lang.AssertionError" message="Product Page Title is displayed Incorrectly expected [Redmi 9 Prime (Sunrise Flare, 64 GB)- Buy Products Online at Best Price in India - All Categories | Flipkart.com] but found [mi Redmi 9 Prime ( 64 GB Storage, 4 GB RAM ) Online at Best Price On Flipkart.com]">
      <![CDATA[java.lang.AssertionError: Product Page Title is displayed Incorrectly expected [Redmi 9 Prime (Sunrise Flare, 64 GB)- Buy Products Online at Best Price in India - All Categories | Flipkart.com] but found [mi Redmi 9 Prime ( 64 GB Storage, 4 GB RAM ) Online at Best Price On Flipkart.com]
	at org.testng.Assert.fail(Assert.java:94)
	at org.testng.Assert.failNotEquals(Assert.java:494)
	at org.testng.Assert.assertEquals(Assert.java:123)
	at org.testng.Assert.assertEquals(Assert.java:176)
	at com.flipkart.test.ProductPageTest.ProductPageTitle(ProductPageTest.java:44)
	at sun.reflect.NativeMethodAccessorImpl.invoke0(Native Method)
	at sun.reflect.NativeMethodAccessorImpl.invoke(Unknown Source)
	at sun.reflect.DelegatingMethodAccessorImpl.invoke(Unknown Source)
	at java.lang.reflect.Method.invoke(Unknown Source)
	at org.testng.internal.MethodInvocationHelper.invokeMethod(MethodInvocationHelper.java:80)
	at org.testng.internal.Invoker.invokeMethod(Invoker.java:714)
	at org.testng.internal.Invoker.invokeTestMethod(Invoker.java:901)
	at org.testng.internal.Invoker.invokeTestMethods(Invoker.java:1231)
	at org.testng.internal.TestMethodWorker.invokeTestMethods(TestMethodWorker.java:127)
	at org.testng.internal.TestMethodWorker.run(TestMethodWorker.java:111)
	at java.util.concurrent.ThreadPoolExecutor.runWorker(Unknown Source)
	at java.util.concurrent.ThreadPoolExecutor$Worker.run(Unknown Source)
	at java.lang.Thread.run(Unknown Source)
]]>
    </error>
  </testcase> <!-- ProductPageTitle -->
</testsuite> <!-- com.flipkart.test.ProductPageTest -->
