<?xml version="1.0" encoding="UTF-8"?>
<!-- Generated by org.testng.reporters.JUnitReportReporter -->
<testsuite hostname="LAPTOP-VRS9433I" name="com.flipkart.test.LoginPageTest" tests="2" failures="0" timestamp="12 Mar 2021 10:30:30 GMT" time="22.279" errors="0">
  <testcase name="CheckLoginPageTitle" time="13.278" classname="com.flipkart.test.LoginPageTest"/>
  <testcase name="Login" time="9.001" classname="com.flipkart.test.LoginPageTest"/>
</testsuite> <!-- com.flipkart.test.LoginPageTest -->
