<?xml version="1.0" encoding="UTF-8"?>
<!-- Generated by org.testng.reporters.JUnitReportReporter -->
<testsuite hostname="LAPTOP-VRS9433I" name="com.flipkart.test.HomePageTest" tests="3" failures="0" timestamp="12 Mar 2021 10:30:30 GMT" time="43.073" errors="0">
  <testcase name="VerifyUserId" time="19.094" classname="com.flipkart.test.HomePageTest"/>
  <testcase name="HomePageTitle" time="11.901" classname="com.flipkart.test.HomePageTest"/>
  <testcase name="SearchProduct" time="12.078" classname="com.flipkart.test.HomePageTest"/>
</testsuite> <!-- com.flipkart.test.HomePageTest -->
