<?xml version="1.0" encoding="UTF-8"?>
<!-- Generated by org.testng.reporters.JUnitReportReporter -->
<testsuite hostname="LAPTOP-VRS9433I" failures="0" tests="3" name="com.flipkart.test.HomePageTest" time="31.272" errors="0" timestamp="16 Mar 2021 09:26:40 GMT">
  <testcase classname="com.flipkart.test.HomePageTest" name="SearchProduct" time="11.360"/>
  <testcase classname="com.flipkart.test.HomePageTest" name="HomePageTitle" time="9.316"/>
  <testcase classname="com.flipkart.test.HomePageTest" name="VerifyUserId" time="10.596"/>
</testsuite> <!-- com.flipkart.test.HomePageTest -->
