<?xml version="1.0" encoding="UTF-8"?>
<!-- Generated by org.testng.reporters.JUnitReportReporter -->
<testsuite hostname="LAPTOP-VRS9433I" failures="0" tests="3" name="com.flipkart.test.SearchPageTest" time="36.309" errors="0" timestamp="16 Mar 2021 09:26:40 GMT">
  <testcase classname="com.flipkart.test.SearchPageTest" name="CheckProductCategory" time="11.413"/>
  <testcase classname="com.flipkart.test.SearchPageTest" name="SearchPageTitle" time="6.772"/>
  <testcase classname="com.flipkart.test.SearchPageTest" name="LaunchProduct" time="18.124"/>
</testsuite> <!-- com.flipkart.test.SearchPageTest -->
