<?xml version="1.0" encoding="UTF-8"?>
<!-- Generated by org.testng.reporters.JUnitReportReporter -->
<testsuite hostname="LAPTOP-VRS9433I" failures="0" tests="2" name="com.flipkart.test.PlaceOrderPageTest" time="107.270" errors="0" timestamp="15 Mar 2021 11:48:08 GMT">
  <testcase classname="com.flipkart.test.PlaceOrderPageTest" name="OrderProduct" time="79.169"/>
  <testcase classname="com.flipkart.test.PlaceOrderPageTest" name="PaymentPageTitle" time="28.101"/>
</testsuite> <!-- com.flipkart.test.PlaceOrderPageTest -->
