<?xml version="1.0" encoding="UTF-8"?>
<!-- Generated by org.testng.reporters.JUnitReportReporter -->
<testsuite hostname="LAPTOP-VRS9433I" failures="0" tests="2" name="com.flipkart.test.LoginPageTest" time="18.564" errors="0" timestamp="16 Mar 2021 09:26:40 GMT">
  <testcase classname="com.flipkart.test.LoginPageTest" name="Login" time="9.868"/>
  <testcase classname="com.flipkart.test.LoginPageTest" name="CheckLoginPageTitle" time="8.696"/>
</testsuite> <!-- com.flipkart.test.LoginPageTest -->
