<?xml version="1.0" encoding="UTF-8"?>
<!-- Generated by org.testng.reporters.JUnitReportReporter -->
<testsuite hostname="LAPTOP-VRS9433I" failures="0" tests="2" name="com.flipkart.test.LoginPageTest" time="19.615" errors="0" timestamp="15 Mar 2021 11:48:08 GMT">
  <testcase classname="com.flipkart.test.LoginPageTest" name="Login" time="9.815"/>
  <testcase classname="com.flipkart.test.LoginPageTest" name="CheckLoginPageTitle" time="9.800"/>
</testsuite> <!-- com.flipkart.test.LoginPageTest -->
