<?xml version="1.0" encoding="UTF-8"?>
<!-- Generated by org.testng.reporters.JUnitReportReporter -->
<testsuite hostname="LAPTOP-VRS9433I" failures="0" tests="3" name="com.flipkart.test.SearchPageTest" time="44.606" errors="0" timestamp="15 Mar 2021 11:48:08 GMT">
  <testcase classname="com.flipkart.test.SearchPageTest" name="LaunchProduct" time="13.579"/>
  <testcase classname="com.flipkart.test.SearchPageTest" name="SearchPageTitle" time="14.972"/>
  <testcase classname="com.flipkart.test.SearchPageTest" name="CheckProductCategory" time="16.055"/>
</testsuite> <!-- com.flipkart.test.SearchPageTest -->
