<?xml version="1.0" encoding="UTF-8"?>
<!-- Generated by org.testng.reporters.JUnitReportReporter -->
<testsuite hostname="LAPTOP-VRS9433I" failures="0" tests="2" name="com.flipkart.test.ProductPageTest" time="35.380" errors="0" timestamp="15 Mar 2021 11:48:08 GMT">
  <testcase classname="com.flipkart.test.ProductPageTest" name="PurchaseProduct" time="20.112"/>
  <testcase classname="com.flipkart.test.ProductPageTest" name="ProductPageTitle" time="15.268"/>
</testsuite> <!-- com.flipkart.test.ProductPageTest -->
