<?xml version="1.0" encoding="UTF-8"?>
<!-- Generated by org.testng.reporters.JUnitReportReporter -->
<testsuite hostname="LAPTOP-VRS9433I" failures="0" tests="2" name="com.flipkart.test.PlaceOrderPageTest" time="248.452" errors="0" timestamp="16 Mar 2021 09:26:40 GMT">
  <testcase classname="com.flipkart.test.PlaceOrderPageTest" name="PaymentPageTitle" time="28.826"/>
  <testcase classname="com.flipkart.test.PlaceOrderPageTest" name="OrderProduct" time="219.626"/>
</testsuite> <!-- com.flipkart.test.PlaceOrderPageTest -->
