<?xml version="1.0" encoding="UTF-8"?>
<!-- Generated by org.testng.reporters.JUnitReportReporter -->
<testsuite hostname="LAPTOP-VRS9433I" failures="0" tests="3" name="com.flipkart.test.HomePageTest" time="40.970" errors="0" timestamp="15 Mar 2021 11:48:08 GMT">
  <testcase classname="com.flipkart.test.HomePageTest" name="SearchProduct" time="13.399"/>
  <testcase classname="com.flipkart.test.HomePageTest" name="VerifyUserId" time="19.294"/>
  <testcase classname="com.flipkart.test.HomePageTest" name="HomePageTitle" time="8.277"/>
</testsuite> <!-- com.flipkart.test.HomePageTest -->
