<?xml version="1.0" encoding="UTF-8"?>
<!-- Generated by org.testng.reporters.JUnitReportReporter -->
<testsuite hostname="LAPTOP-VRS9433I" failures="0" tests="2" name="com.flipkart.test.ProductPageTest" time="44.214" errors="0" timestamp="16 Mar 2021 09:26:40 GMT">
  <testcase classname="com.flipkart.test.ProductPageTest" name="PurchaseProduct" time="27.000"/>
  <testcase classname="com.flipkart.test.ProductPageTest" name="ProductPageTitle" time="17.214"/>
</testsuite> <!-- com.flipkart.test.ProductPageTest -->
